<?xml version="1.0" encoding="UTF-8"?>
<!-- Generated by org.testng.reporters.JUnitReportReporter -->
<testsuite hostname="vasu-PC" name="com.selenium.testng.MultipletestCases" tests="3" failures="0" timestamp="30 Jan 2020 16:22:08 GMT" time="0.028" errors="0">
  <testcase name="appLogin" time="0.002" classname="com.selenium.testng.MultipletestCases"/>
  <testcase name="applaunch" time="0.003" classname="com.selenium.testng.MultipletestCases"/>
  <testcase name="appClose" time="0.023" classname="com.selenium.testng.MultipletestCases"/>
</testsuite> <!-- com.selenium.testng.MultipletestCases -->
