<?xml version="1.0" encoding="UTF-8"?>
<!-- Generated by org.testng.reporters.JUnitReportReporter -->
<testsuite hostname="vasu-PC" name="com.selenium.testng.VasuTestNG" tests="1" failures="0" timestamp="7 Feb 2020 16:08:21 GMT" time="0.028" errors="0">
  <testcase name="vasu" time="0.028" classname="com.selenium.testng.VasuTestNG"/>
</testsuite> <!-- com.selenium.testng.VasuTestNG -->
