<?xml version="1.0" encoding="UTF-8"?>
<!-- Generated by org.testng.reporters.JUnitReportReporter -->
<testsuite hostname="vasu-PC" name="com.selenium.testng.BranchCreationTest" tests="2" failures="0" timestamp="3 Feb 2020 16:18:47 GMT" time="50.991" errors="0">
  <testcase name="branchCreation" time="25.594" classname="com.selenium.testng.BranchCreationTest"/>
  <testcase name="branchCreation" time="25.397" classname="com.selenium.testng.BranchCreationTest"/>
</testsuite> <!-- com.selenium.testng.BranchCreationTest -->
