<?xml version="1.0" encoding="UTF-8"?>
<!-- Generated by org.testng.reporters.JUnitReportReporter -->
<testsuite hostname="vasu-PC" name="com.selenium.testng.AnnotationsTest1" tests="2" failures="0" timestamp="30 Jan 2020 16:15:19 GMT" time="0.007" errors="0">
  <testcase name="method1" time="0.004" classname="com.selenium.testng.AnnotationsTest1"/>
  <testcase name="method2" time="0.003" classname="com.selenium.testng.AnnotationsTest1"/>
</testsuite> <!-- com.selenium.testng.AnnotationsTest1 -->
