<?xml version="1.0" encoding="UTF-8"?>
<!-- Generated by org.testng.reporters.JUnitReportReporter -->
<testsuite hostname="vasu-PC" name="com.selenium.testng.AdminLoginTest" tests="1" failures="0" timestamp="3 Feb 2020 15:39:31 GMT" time="13.193" errors="0">
  <testcase name="adminLogin" time="13.193" classname="com.selenium.testng.AdminLoginTest"/>
</testsuite> <!-- com.selenium.testng.AdminLoginTest -->
