<?xml version="1.0" encoding="UTF-8"?>
<!-- Generated by org.testng.reporters.JUnitReportReporter -->
<testsuite hostname="vasu-PC" name="com.selenium.testng.AnnotationsTest" tests="2" failures="0" timestamp="30 Jan 2020 16:15:19 GMT" time="0.016" errors="0">
  <testcase name="method1" time="0.013" classname="com.selenium.testng.AnnotationsTest"/>
  <testcase name="method2" time="0.003" classname="com.selenium.testng.AnnotationsTest"/>
</testsuite> <!-- com.selenium.testng.AnnotationsTest -->
