<?xml version="1.0" encoding="UTF-8"?>
<!-- Generated by org.testng.reporters.JUnitReportReporter -->
<testsuite hostname="vasu-PC" name="com.selenium.testng.FirstTestNgTest" tests="1" failures="0" timestamp="30 Jan 2020 15:52:14 GMT" time="0.028" errors="0">
  <testcase name="firstTestNG" time="0.028" classname="com.selenium.testng.FirstTestNgTest"/>
</testsuite> <!-- com.selenium.testng.FirstTestNgTest -->
