<?xml version="1.0" encoding="UTF-8"?>
<!-- Generated by org.testng.reporters.JUnitReportReporter -->
<testsuite hostname="vasu-PC" name="com.selenium.testng.ParameterizationTest" tests="1" failures="0" timestamp="3 Feb 2020 16:14:42 GMT" time="0.024" errors="0">
  <testcase name="adminLogin" time="0.024" classname="com.selenium.testng.ParameterizationTest"/>
</testsuite> <!-- com.selenium.testng.ParameterizationTest -->
